  [1m[35m (3.1ms)[0m  [1m[35mCREATE DATABASE "the_shipyard_development" ENCODING = 'unicode'[0m
  [1m[35m (0.3ms)[0m  [1m[35mCREATE DATABASE "the_shipyard_test" ENCODING = 'unicode'[0m
Started GET "/" for ::1 at 2022-01-31 16:49:13 -0700
Processing by Rails::WelcomeController#index as HTML
  Rendering /Users/Ian/.rvm/gems/ruby-2.7.4/gems/railties-7.0.1/lib/rails/templates/rails/welcome/index.html.erb
  Rendered /Users/Ian/.rvm/gems/ruby-2.7.4/gems/railties-7.0.1/lib/rails/templates/rails/welcome/index.html.erb (Duration: 2.6ms | Allocations: 661)
Completed 200 OK in 22ms (Views: 8.9ms | ActiveRecord: 0.0ms | Allocations: 6366)


Started GET "/" for ::1 at 2022-01-31 16:57:05 -0700
Processing by Rails::WelcomeController#index as HTML
  Rendering /Users/Ian/.rvm/gems/ruby-2.7.4/gems/railties-7.0.1/lib/rails/templates/rails/welcome/index.html.erb
  Rendered /Users/Ian/.rvm/gems/ruby-2.7.4/gems/railties-7.0.1/lib/rails/templates/rails/welcome/index.html.erb (Duration: 1.1ms | Allocations: 553)
Completed 200 OK in 9ms (Views: 3.6ms | ActiveRecord: 0.0ms | Allocations: 5053)


Started GET "/hello" for 127.0.0.1 at 2022-01-31 16:58:06 -0700
  
ActionController::RoutingError (No route matches [GET] "/hello"):
  
Started GET "/hello" for 127.0.0.1 at 2022-01-31 16:58:07 -0700
  
ActionController::RoutingError (No route matches [GET] "/hello"):
  
Started GET "/hello" for 127.0.0.1 at 2022-01-31 16:58:08 -0700
  
ActionController::RoutingError (No route matches [GET] "/hello"):
  
Started GET "/hello" for 127.0.0.1 at 2022-01-31 16:58:09 -0700
  
ActionController::RoutingError (No route matches [GET] "/hello"):
  
Started GET "/hello" for 127.0.0.1 at 2022-01-31 17:21:16 -0700
  
ActionController::RoutingError (No route matches [GET] "/hello"):
  
Started GET "/hello" for 127.0.0.1 at 2022-01-31 17:21:18 -0700
  
ActionController::RoutingError (No route matches [GET] "/hello"):
  
Started GET "/hello" for 127.0.0.1 at 2022-01-31 17:21:18 -0700
  
ActionController::RoutingError (No route matches [GET] "/hello"):
  
Started GET "/" for ::1 at 2022-01-31 17:21:20 -0700
Processing by Rails::WelcomeController#index as HTML
  Rendering /Users/Ian/.rvm/gems/ruby-2.7.4/gems/railties-7.0.1/lib/rails/templates/rails/welcome/index.html.erb
  Rendered /Users/Ian/.rvm/gems/ruby-2.7.4/gems/railties-7.0.1/lib/rails/templates/rails/welcome/index.html.erb (Duration: 2.0ms | Allocations: 553)
Completed 200 OK in 31ms (Views: 6.7ms | ActiveRecord: 0.0ms | Allocations: 5055)


Started GET "/" for ::1 at 2022-01-31 17:21:21 -0700
Processing by Rails::WelcomeController#index as HTML
  Rendering /Users/Ian/.rvm/gems/ruby-2.7.4/gems/railties-7.0.1/lib/rails/templates/rails/welcome/index.html.erb
  Rendered /Users/Ian/.rvm/gems/ruby-2.7.4/gems/railties-7.0.1/lib/rails/templates/rails/welcome/index.html.erb (Duration: 0.7ms | Allocations: 353)
Completed 200 OK in 2ms (Views: 1.5ms | ActiveRecord: 0.0ms | Allocations: 1086)


Started GET "/hello" for 127.0.0.1 at 2022-01-31 17:25:46 -0700
  
ActionController::RoutingError (No route matches [GET] "/hello"):
  
Started GET "/hello" for 127.0.0.1 at 2022-01-31 17:25:53 -0700
  
ActionController::RoutingError (No route matches [GET] "/hello"):
  
Started GET "/hello" for 127.0.0.1 at 2022-01-31 17:25:54 -0700
  
ActionController::RoutingError (No route matches [GET] "/hello"):
  
